SF:lib/home/view/home_page.dart
DA:11,6
DA:14,0
DA:15,0
DA:18,1
DA:27,5
DA:29,1
DA:31,1
DA:32,1
DA:34,1
DA:35,1
DA:36,0
DA:37,0
DA:43,1
DA:44,1
DA:45,0
DA:46,0
DA:47,0
DA:50,1
DA:51,1
DA:52,0
DA:67,0
DA:70,0
DA:75,0
DA:77,0
DA:79,0
DA:80,0
DA:81,0
DA:82,0
DA:83,0
DA:84,0
DA:85,0
LF:31
LH:12
end_of_record
SF:lib/preferences/bloc/preferences_state.dart
DA:8,8
DA:13,0
DA:14,0
DA:19,1
DA:20,1
DA:25,0
DA:26,0
DA:35,1
DA:40,1
DA:41,2
DA:50,5
DA:58,0
DA:59,0
LF:13
LH:7
end_of_record
SF:lib/preferences/bloc/preferences_bloc.dart
DA:15,3
DA:18,6
DA:23,3
DA:24,3
DA:25,2
DA:26,2
DA:27,4
DA:28,0
DA:29,0
DA:33,1
DA:37,3
DA:38,3
DA:40,2
DA:41,3
DA:43,2
DA:45,0
DA:49,3
DA:51,6
DA:52,1
DA:54,1
DA:55,2
DA:56,4
DA:59,2
DA:61,4
DA:65,0
DA:67,0
DA:68,0
DA:70,0
DA:74,2
DA:75,2
DA:76,2
LF:31
LH:24
end_of_record
SF:lib/preferences/bloc/preferences_event.dart
DA:8,2
DA:10,0
DA:11,0
DA:19,1
LF:4
LH:2
end_of_record
SF:lib/preferences/view/preferences_page.dart
DA:12,6
DA:15,2
DA:16,4
DA:19,3
DA:21,3
DA:22,3
DA:23,3
DA:24,0
DA:25,0
DA:26,0
DA:28,0
DA:30,0
DA:31,0
DA:47,5
DA:49,3
DA:50,3
DA:58,0
DA:60,3
DA:62,3
DA:63,3
DA:64,3
DA:67,3
DA:68,9
DA:70,9
DA:72,3
DA:73,0
DA:74,0
DA:76,0
DA:77,0
DA:80,0
DA:81,0
LF:31
LH:18
end_of_record
SF:lib/start/view/start_page.dart
DA:11,7
DA:14,0
DA:15,0
DA:18,2
DA:20,2
DA:21,4
DA:22,2
DA:23,4
DA:34,5
DA:36,2
DA:38,2
DA:39,2
DA:40,2
DA:41,2
DA:42,2
DA:43,0
DA:44,0
DA:47,2
DA:49,6
DA:50,2
DA:54,2
DA:55,2
DA:56,2
DA:57,2
DA:58,0
DA:72,5
DA:74,0
DA:76,0
DA:78,0
DA:81,0
DA:82,0
DA:83,0
LF:32
LH:21
end_of_record
SF:lib/app/app.dart
DA:11,1
DA:15,1
DA:19,1
DA:21,1
DA:22,1
DA:23,2
DA:35,1
DA:37,1
DA:39,1
DA:42,1
LF:10
LH:10
end_of_record
